2025-06-18 07:23:53,412 - ERROR - Processing account LNCONI0 at index 0: 'NoneType' object has no attribute 'strip'
2025-06-18 07:23:53,445 - ERROR - Processing account LNCONP0 at index 1: 'NoneType' object has no attribute 'strip'
2025-06-18 07:23:53,458 - ERROR - Processing account LNGENI0 at index 2: 'NoneType' object has no attribute 'strip'
2025-06-18 07:23:53,469 - ERROR - Processing account LNGENP0 at index 3: 'NoneType' object has no attribute 'strip'
2025-06-18 07:23:53,485 - ERROR - Processing account LNPASI0 at index 4: 'NoneType' object has no attribute 'strip'
2025-06-18 07:23:53,497 - ERROR - Processing account LNPASP0 at index 5: 'NoneType' object has no attribute 'strip'
2025-06-18 07:23:53,509 - ERROR - Processing account LNSTAI0 at index 6: 'NoneType' object has no attribute 'strip'
2025-06-18 07:23:53,522 - ERROR - Processing account LNSTAP0 at index 7: 'NoneType' object has no attribute 'strip'
2025-06-18 07:23:53,534 - ERROR - Processing account SHASSP0 at index 8: 'NoneType' object has no attribute 'strip'
2025-06-18 07:23:53,546 - ERROR - Processing account SHHLDP0 at index 9: 'NoneType' object has no attribute 'strip'
2025-06-18 07:23:53,557 - ERROR - Processing account SHSHAP0 at index 10: 'NoneType' object has no attribute 'strip'
2025-06-18 07:23:53,569 - ERROR - Processing account SVBUSI0 at index 11: 'NoneType' object has no attribute 'strip'
2025-06-18 07:23:53,578 - ERROR - Processing account SVBUSP0 at index 12: 'NoneType' object has no attribute 'strip'
2025-06-18 07:23:53,589 - ERROR - Processing account SVCHDI0 at index 13: 'NoneType' object has no attribute 'strip'
2025-06-18 07:23:53,601 - ERROR - Processing account SVCHDP0 at index 14: 'NoneType' object has no attribute 'strip'
2025-06-18 07:23:53,610 - ERROR - Processing account SVHLTI0 at index 15: 'NoneType' object has no attribute 'strip'
2025-06-18 07:23:53,623 - ERROR - Processing account SVHLTP0 at index 16: 'NoneType' object has no attribute 'strip'
2025-06-18 07:23:53,634 - ERROR - Processing account SVOPTI0 at index 17: 'NoneType' object has no attribute 'strip'
2025-06-18 07:23:53,642 - ERROR - Processing account SVOPTP0 at index 18: 'NoneType' object has no attribute 'strip'
2025-06-18 07:23:53,657 - ERROR - Processing account SVPENI0 at index 19: 'NoneType' object has no attribute 'strip'
2025-06-18 07:23:53,669 - ERROR - Processing account SVPENP0 at index 20: 'NoneType' object has no attribute 'strip'
2025-06-18 07:23:53,679 - ERROR - Processing account SVSCFI1 at index 21: 'NoneType' object has no attribute 'strip'
2025-06-18 07:23:53,694 - ERROR - Processing account SVSCFI2 at index 22: 'NoneType' object has no attribute 'strip'
2025-06-18 07:23:53,704 - ERROR - Processing account SVSCFI3 at index 23: 'NoneType' object has no attribute 'strip'
2025-06-18 07:23:53,716 - ERROR - Processing account SVSCFP1 at index 24: 'NoneType' object has no attribute 'strip'
2025-06-18 07:23:53,728 - ERROR - Processing account SVSCFP2 at index 25: 'NoneType' object has no attribute 'strip'
2025-06-18 07:23:53,738 - ERROR - Processing account SVSCFP3 at index 26: 'NoneType' object has no attribute 'strip'
2025-06-18 07:23:53,751 - ERROR - Processing account SVTAGI1 at index 27: 'NoneType' object has no attribute 'strip'
2025-06-18 07:23:53,761 - ERROR - Processing account SVTAGI2 at index 28: 'NoneType' object has no attribute 'strip'
2025-06-18 07:23:53,771 - ERROR - Processing account SVTAGI3 at index 29: 'NoneType' object has no attribute 'strip'
2025-06-18 07:23:53,784 - ERROR - Processing account SVTAGP1 at index 30: 'NoneType' object has no attribute 'strip'
2025-06-18 07:23:53,794 - ERROR - Processing account SVTAGP2 at index 31: 'NoneType' object has no attribute 'strip'
2025-06-18 07:23:53,806 - ERROR - Processing account SVTAGP3 at index 32: 'NoneType' object has no attribute 'strip'
